# JRE version: OpenJDK Runtime Environment (8.0_152-b02) (build 1.8.0_152-release-1024-b02)
# Java VM: OpenJDK 64-Bit Server VM (25.152-b02 mixed mode windows-amd64 compressed oops)
Heap:
 PSYoungGen      total 406528K, used 51051K [0x00000000e0000000, 0x0000000100000000, 0x0000000100000000)
  eden space 372736K, 4% used [0x00000000e0000000,0x00000000e10e1e30,0x00000000f6c00000)
  from space 33792K, 99% used [0x00000000f6c00000,0x00000000f8cf9040,0x00000000f8d00000)
  to   space 38400K, 0% used [0x00000000fda80000,0x00000000fda80000,0x0000000100000000)
 ParOldGen       total 161280K, used 38700K [0x00000000a0000000, 0x00000000a9d80000, 0x00000000e0000000)
  object space 161280K, 23% used [0x00000000a0000000,0x00000000a25cb050,0x00000000a9d80000)
 Metaspace       used 69857K, capacity 72216K, committed 72280K, reserved 1112064K
  class space    used 8950K, capacity 9540K, committed 9600K, reserved 1048576K
GC Heap History (10 events):
Event: 28.750 GC heap before
{Heap before GC invocations=12 (full 2):
 PSYoungGen      total 276480K, used 85574K [0x00000000e0000000, 0x00000000f7100000, 0x0000000100000000)
  eden space 254464K, 24% used [0x00000000e0000000,0x00000000e3e160c8,0x00000000ef880000)
  from space 22016K, 99% used [0x00000000ef880000,0x00000000f0dfb998,0x00000000f0e00000)
  to   space 32256K, 0% used [0x00000000f5180000,0x00000000f5180000,0x00000000f7100000)
 ParOldGen       total 107008K, used 40241K [0x00000000a0000000, 0x00000000a6880000, 0x00000000e0000000)
  object space 107008K, 37% used [0x00000000a0000000,0x00000000a274c648,0x00000000a6880000)
 Metaspace       used 57184K, capacity 58890K, committed 59028K, reserved 1099776K
  class space    used 7645K, capacity 8079K, committed 8192K, reserved 1048576K
Event: 28.792 GC heap after
Heap after GC invocations=12 (full 2):
 PSYoungGen      total 344064K, used 23495K [0x00000000e0000000, 0x00000000f7c80000, 0x0000000100000000)
  eden space 311808K, 0% used [0x00000000e0000000,0x00000000e0000000,0x00000000f3080000)
  from space 32256K, 72% used [0x00000000f5180000,0x00000000f6871d38,0x00000000f7100000)
  to   space 33792K, 0% used [0x00000000f3080000,0x00000000f3080000,0x00000000f5180000)
 ParOldGen       total 107008K, used 40249K [0x00000000a0000000, 0x00000000a6880000, 0x00000000e0000000)
  object space 107008K, 37% used [0x00000000a0000000,0x00000000a274e648,0x00000000a6880000)
 Metaspace       used 57184K, capacity 58890K, committed 59028K, reserved 1099776K
  class space    used 7645K, capacity 8079K, committed 8192K, reserved 1048576K
}
Event: 28.792 GC heap before
{Heap before GC invocations=13 (full 3):
 PSYoungGen      total 344064K, used 23495K [0x00000000e0000000, 0x00000000f7c80000, 0x0000000100000000)
  eden space 311808K, 0% used [0x00000000e0000000,0x00000000e0000000,0x00000000f3080000)
  from space 32256K, 72% used [0x00000000f5180000,0x00000000f6871d38,0x00000000f7100000)
  to   space 33792K, 0% used [0x00000000f3080000,0x00000000f3080000,0x00000000f5180000)
 ParOldGen       total 107008K, used 40249K [0x00000000a0000000, 0x00000000a6880000, 0x00000000e0000000)
  object space 107008K, 37% used [0x00000000a0000000,0x00000000a274e648,0x00000000a6880000)
 Metaspace       used 57184K, capacity 58890K, committed 59028K, reserved 1099776K
  class space    used 7645K, capacity 8079K, committed 8192K, reserved 1048576K
Event: 29.065 GC heap after
Heap after GC invocations=13 (full 3):
 PSYoungGen      total 344064K, used 0K [0x00000000e0000000, 0x00000000f7c80000, 0x0000000100000000)
  eden space 311808K, 0% used [0x00000000e0000000,0x00000000e0000000,0x00000000f3080000)
  from space 32256K, 0% used [0x00000000f5180000,0x00000000f5180000,0x00000000f7100000)
  to   space 33792K, 0% used [0x00000000f3080000,0x00000000f3080000,0x00000000f5180000)
 ParOldGen       total 161280K, used 38614K [0x00000000a0000000, 0x00000000a9d80000, 0x00000000e0000000)
  object space 161280K, 23% used [0x00000000a0000000,0x00000000a25b5878,0x00000000a9d80000)
 Metaspace       used 57184K, capacity 58890K, committed 59028K, reserved 1099776K
  class space    used 7645K, capacity 8079K, committed 8192K, reserved 1048576K
}
Event: 48.324 GC heap before
{Heap before GC invocations=14 (full 3):
 PSYoungGen      total 344064K, used 311799K [0x00000000e0000000, 0x00000000f7c80000, 0x0000000100000000)
  eden space 311808K, 99% used [0x00000000e0000000,0x00000000f307dd00,0x00000000f3080000)
  from space 32256K, 0% used [0x00000000f5180000,0x00000000f5180000,0x00000000f7100000)
  to   space 33792K, 0% used [0x00000000f3080000,0x00000000f3080000,0x00000000f5180000)
 ParOldGen       total 161280K, used 38614K [0x00000000a0000000, 0x00000000a9d80000, 0x00000000e0000000)
  object space 161280K, 23% used [0x00000000a0000000,0x00000000a25b5878,0x00000000a9d80000)
 Metaspace       used 65756K, capacity 67788K, committed 67928K, reserved 1107968K
  class space    used 8531K, capacity 9046K, committed 9088K, reserved 1048576K
Event: 48.372 GC heap after
Heap after GC invocations=14 (full 3):
 PSYoungGen      total 345600K, used 20358K [0x00000000e0000000, 0x00000000fb900000, 0x0000000100000000)
  eden space 311808K, 0% used [0x00000000e0000000,0x00000000e0000000,0x00000000f3080000)
  from space 33792K, 60% used [0x00000000f3080000,0x00000000f44618f0,0x00000000f5180000)
  to   space 33792K, 0% used [0x00000000f9800000,0x00000000f9800000,0x00000000fb900000)
 ParOldGen       total 161280K, used 38638K [0x00000000a0000000, 0x00000000a9d80000, 0x00000000e0000000)
  object space 161280K, 23% used [0x00000000a0000000,0x00000000a25bb878,0x00000000a9d80000)
 Metaspace       used 65756K, capacity 67788K, committed 67928K, reserved 1107968K
  class space    used 8531K, capacity 9046K, committed 9088K, reserved 1048576K
}
Event: 152.123 GC heap before
{Heap before GC invocations=15 (full 3):
 PSYoungGen      total 345600K, used 332166K [0x00000000e0000000, 0x00000000fb900000, 0x0000000100000000)
  eden space 311808K, 100% used [0x00000000e0000000,0x00000000f3080000,0x00000000f3080000)
  from space 33792K, 60% used [0x00000000f3080000,0x00000000f44618f0,0x00000000f5180000)
  to   space 33792K, 0% used [0x00000000f9800000,0x00000000f9800000,0x00000000fb900000)
 ParOldGen       total 161280K, used 38638K [0x00000000a0000000, 0x00000000a9d80000, 0x00000000e0000000)
  object space 161280K, 23% used [0x00000000a0000000,0x00000000a25bb878,0x00000000a9d80000)
 Metaspace       used 69353K, capacity 71688K, committed 71768K, reserved 1112064K
  class space    used 8939K, capacity 9520K, committed 9600K, reserved 1048576K
Event: 152.184 GC heap after
Heap after GC invocations=15 (full 3):
 PSYoungGen      total 395264K, used 20135K [0x00000000e0000000, 0x00000000fae00000, 0x0000000100000000)
  eden space 372736K, 0% used [0x00000000e0000000,0x00000000e0000000,0x00000000f6c00000)
  from space 22528K, 89% used [0x00000000f9800000,0x00000000faba9fa0,0x00000000fae00000)
  to   space 33792K, 0% used [0x00000000f6c00000,0x00000000f6c00000,0x00000000f8d00000)
 ParOldGen       total 161280K, used 38646K [0x00000000a0000000, 0x00000000a9d80000, 0x00000000e0000000)
  object space 161280K, 23% used [0x00000000a0000000,0x00000000a25bd878,0x00000000a9d80000)
 Metaspace       used 69353K, capacity 71688K, committed 71768K, reserved 1112064K
  class space    used 8939K, capacity 9520K, committed 9600K, reserved 1048576K
}
Event: 155.689 GC heap before
{Heap before GC invocations=16 (full 3):
 PSYoungGen      total 395264K, used 392871K [0x00000000e0000000, 0x00000000fae00000, 0x0000000100000000)
  eden space 372736K, 100% used [0x00000000e0000000,0x00000000f6c00000,0x00000000f6c00000)
  from space 22528K, 89% used [0x00000000f9800000,0x00000000faba9fa0,0x00000000fae00000)
  to   space 33792K, 0% used [0x00000000f6c00000,0x00000000f6c00000,0x00000000f8d00000)
 ParOldGen       total 161280K, used 38646K [0x00000000a0000000, 0x00000000a9d80000, 0x00000000e0000000)
  object space 161280K, 23% used [0x00000000a0000000,0x00000000a25bd878,0x00000000a9d80000)
 Metaspace       used 69816K, capacity 72192K, committed 72280K, reserved 1112064K
  class space    used 8948K, capacity 9536K, committed 9600K, reserved 1048576K
Event: 155.725 GC heap after
Heap after GC invocations=16 (full 3):
 PSYoungGen      total 406528K, used 33764K [0x00000000e0000000, 0x0000000100000000, 0x0000000100000000)
  eden space 372736K, 0% used [0x00000000e0000000,0x00000000e0000000,0x00000000f6c00000)
  from space 33792K, 99% used [0x00000000f6c00000,0x00000000f8cf9040,0x00000000f8d00000)
  to   space 38400K, 0% used [0x00000000fda80000,0x00000000fda80000,0x0000000100000000)
 ParOldGen       total 161280K, used 38700K [0x00000000a0000000, 0x00000000a9d80000, 0x00000000e0000000)
  object space 161280K, 23% used [0x00000000a0000000,0x00000000a25cb050,0x00000000a9d80000)
 Metaspace       used 69816K, capacity 72192K, committed 72280K, reserved 1112064K
  class space    used 8948K, capacity 9536K, committed 9600K, reserved 1048576K
}

